<?xml version="1.0" encoding="UTF-8" standalone="no"?>
<!DOCTYPE report PUBLIC "-//JACOCO//DTD Report 1.1//EN" "report.dtd"[]>
<report name="Pester (09/03/2024 15:31:40)">
  <sessioninfo id="this" start="1725377486704" dump="1725377500295" />
  <package name="PassPushPosh">
    <class name="PassPushPosh/PassPushPosh" sourcefilename="PassPushPosh.psm1">
      <method name="PasswordPush" desc="()" line="31">
        <counter type="INSTRUCTION" missed="17" covered="32" />
        <counter type="LINE" missed="12" covered="23" />
        <counter type="METHOD" missed="1" covered="0" />
      </method>
      <method name="&lt;script&gt;" desc="()" line="87">
        <counter type="INSTRUCTION" missed="5" covered="13" />
        <counter type="LINE" missed="4" covered="12" />
        <counter type="METHOD" missed="0" covered="1" />
      </method>
      <method name="ConvertTo-PasswordPush" desc="()" line="196">
        <counter type="INSTRUCTION" missed="5" covered="6" />
        <counter type="LINE" missed="3" covered="3" />
        <counter type="METHOD" missed="0" covered="1" />
      </method>
      <method name="Format-PasswordPusherSecret" desc="()" line="222">
        <counter type="INSTRUCTION" missed="2" covered="5" />
        <counter type="LINE" missed="2" covered="5" />
        <counter type="METHOD" missed="0" covered="1" />
      </method>
      <method name="Invoke-PasswordPusherAPI" desc="()" line="250">
        <counter type="INSTRUCTION" missed="6" covered="25" />
        <counter type="LINE" missed="2" covered="19" />
        <counter type="METHOD" missed="0" covered="1" />
      </method>
      <method name="Get-Dashboard" desc="()" line="331">
        <counter type="INSTRUCTION" missed="0" covered="6" />
        <counter type="LINE" missed="0" covered="3" />
        <counter type="METHOD" missed="0" covered="1" />
      </method>
      <method name="Get-Push" desc="()" line="392">
        <counter type="INSTRUCTION" missed="3" covered="7" />
        <counter type="LINE" missed="1" covered="6" />
        <counter type="METHOD" missed="0" covered="1" />
      </method>
      <method name="Get-PushAuditLog" desc="()" line="474">
        <counter type="INSTRUCTION" missed="0" covered="9" />
        <counter type="LINE" missed="0" covered="6" />
        <counter type="METHOD" missed="0" covered="1" />
      </method>
      <method name="Get-SecretLink" desc="()" line="541">
        <counter type="INSTRUCTION" missed="0" covered="3" />
        <counter type="LINE" missed="0" covered="2" />
        <counter type="METHOD" missed="0" covered="1" />
      </method>
      <method name="Initialize-PassPushPosh" desc="()" line="632">
        <counter type="INSTRUCTION" missed="1" covered="33" />
        <counter type="LINE" missed="0" covered="26" />
        <counter type="METHOD" missed="0" covered="1" />
      </method>
      <method name="New-Push" desc="()" line="771">
        <counter type="INSTRUCTION" missed="9" covered="24" />
        <counter type="LINE" missed="8" covered="23" />
        <counter type="METHOD" missed="0" covered="1" />
      </method>
      <method name="Remove-Push" desc="()" line="904">
        <counter type="INSTRUCTION" missed="8" covered="10" />
        <counter type="LINE" missed="7" covered="8" />
        <counter type="METHOD" missed="0" covered="1" />
      </method>
      <counter type="INSTRUCTION" missed="56" covered="173" />
      <counter type="LINE" missed="39" covered="136" />
      <counter type="METHOD" missed="1" covered="11" />
      <counter type="CLASS" missed="1" covered="0" />
    </class>
    <sourcefile name="PassPushPosh.psm1">
      <line nr="31" mi="1" ci="0" mb="0" cb="0" />
      <line nr="37" mi="0" ci="1" mb="0" cb="0" />
      <line nr="38" mi="0" ci="1" mb="0" cb="0" />
      <line nr="40" mi="0" ci="2" mb="0" cb="0" />
      <line nr="41" mi="0" ci="1" mb="0" cb="0" />
      <line nr="42" mi="0" ci="1" mb="0" cb="0" />
      <line nr="43" mi="0" ci="1" mb="0" cb="0" />
      <line nr="44" mi="0" ci="1" mb="0" cb="0" />
      <line nr="45" mi="0" ci="1" mb="0" cb="0" />
      <line nr="46" mi="0" ci="1" mb="0" cb="0" />
      <line nr="47" mi="0" ci="1" mb="0" cb="0" />
      <line nr="48" mi="0" ci="1" mb="0" cb="0" />
      <line nr="49" mi="0" ci="1" mb="0" cb="0" />
      <line nr="50" mi="0" ci="1" mb="0" cb="0" />
      <line nr="51" mi="0" ci="1" mb="0" cb="0" />
      <line nr="52" mi="0" ci="3" mb="0" cb="0" />
      <line nr="53" mi="0" ci="1" mb="0" cb="0" />
      <line nr="56" mi="0" ci="2" mb="0" cb="0" />
      <line nr="57" mi="0" ci="1" mb="0" cb="0" />
      <line nr="59" mi="1" ci="0" mb="0" cb="0" />
      <line nr="60" mi="2" ci="0" mb="0" cb="0" />
      <line nr="62" mi="0" ci="1" mb="0" cb="0" />
      <line nr="63" mi="0" ci="2" mb="0" cb="0" />
      <line nr="64" mi="0" ci="3" mb="0" cb="0" />
      <line nr="65" mi="1" ci="0" mb="0" cb="0" />
      <line nr="66" mi="1" ci="0" mb="0" cb="0" />
      <line nr="68" mi="2" ci="2" mb="0" cb="0" />
      <line nr="69" mi="1" ci="0" mb="0" cb="0" />
      <line nr="70" mi="1" ci="0" mb="0" cb="0" />
      <line nr="72" mi="0" ci="2" mb="0" cb="0" />
      <line nr="73" mi="3" ci="0" mb="0" cb="0" />
      <line nr="74" mi="1" ci="0" mb="0" cb="0" />
      <line nr="75" mi="1" ci="0" mb="0" cb="0" />
      <line nr="77" mi="1" ci="0" mb="0" cb="0" />
      <line nr="78" mi="1" ci="0" mb="0" cb="0" />
      <line nr="87" mi="0" ci="1" mb="0" cb="0" />
      <line nr="88" mi="0" ci="1" mb="0" cb="0" />
      <line nr="91" mi="0" ci="1" mb="0" cb="0" />
      <line nr="96" mi="0" ci="1" mb="0" cb="0" />
      <line nr="97" mi="0" ci="1" mb="0" cb="0" />
      <line nr="98" mi="0" ci="1" mb="0" cb="0" />
      <line nr="99" mi="1" ci="0" mb="0" cb="0" />
      <line nr="100" mi="2" ci="0" mb="0" cb="0" />
      <line nr="101" mi="1" ci="0" mb="0" cb="0" />
      <line nr="104" mi="1" ci="0" mb="0" cb="0" />
      <line nr="113" mi="0" ci="1" mb="0" cb="0" />
      <line nr="114" mi="0" ci="1" mb="0" cb="0" />
      <line nr="117" mi="0" ci="2" mb="0" cb="0" />
      <line nr="118" mi="0" ci="1" mb="0" cb="0" />
      <line nr="119" mi="0" ci="1" mb="0" cb="0" />
      <line nr="121" mi="0" ci="1" mb="0" cb="0" />
      <line nr="196" mi="2" ci="2" mb="0" cb="0" />
      <line nr="197" mi="0" ci="1" mb="0" cb="0" />
      <line nr="198" mi="0" ci="3" mb="0" cb="0" />
      <line nr="202" mi="1" ci="0" mb="0" cb="0" />
      <line nr="203" mi="1" ci="0" mb="0" cb="0" />
      <line nr="204" mi="1" ci="0" mb="0" cb="0" />
      <line nr="222" mi="0" ci="1" mb="0" cb="0" />
      <line nr="223" mi="1" ci="0" mb="0" cb="0" />
      <line nr="226" mi="0" ci="1" mb="0" cb="0" />
      <line nr="227" mi="0" ci="1" mb="0" cb="0" />
      <line nr="228" mi="0" ci="1" mb="0" cb="0" />
      <line nr="229" mi="0" ci="1" mb="0" cb="0" />
      <line nr="232" mi="1" ci="0" mb="0" cb="0" />
      <line nr="250" mi="0" ci="1" mb="0" cb="0" />
      <line nr="251" mi="0" ci="1" mb="0" cb="0" />
      <line nr="253" mi="0" ci="1" mb="0" cb="0" />
      <line nr="254" mi="0" ci="1" mb="0" cb="0" />
      <line nr="255" mi="0" ci="1" mb="0" cb="0" />
      <line nr="256" mi="0" ci="3" mb="0" cb="0" />
      <line nr="257" mi="0" ci="1" mb="0" cb="0" />
      <line nr="258" mi="0" ci="1" mb="0" cb="0" />
      <line nr="260" mi="0" ci="1" mb="0" cb="0" />
      <line nr="261" mi="0" ci="1" mb="0" cb="0" />
      <line nr="262" mi="0" ci="2" mb="0" cb="0" />
      <line nr="264" mi="0" ci="1" mb="0" cb="0" />
      <line nr="265" mi="0" ci="1" mb="0" cb="0" />
      <line nr="267" mi="0" ci="1" mb="0" cb="0" />
      <line nr="268" mi="0" ci="3" mb="0" cb="0" />
      <line nr="269" mi="0" ci="1" mb="0" cb="0" />
      <line nr="270" mi="0" ci="2" mb="0" cb="0" />
      <line nr="271" mi="0" ci="1" mb="0" cb="0" />
      <line nr="272" mi="0" ci="1" mb="0" cb="0" />
      <line nr="275" mi="3" ci="0" mb="0" cb="0" />
      <line nr="279" mi="3" ci="0" mb="0" cb="0" />
      <line nr="331" mi="0" ci="2" mb="0" cb="0" />
      <line nr="332" mi="0" ci="2" mb="0" cb="0" />
      <line nr="333" mi="0" ci="2" mb="0" cb="0" />
      <line nr="392" mi="0" ci="1" mb="0" cb="0" />
      <line nr="394" mi="0" ci="1" mb="0" cb="0" />
      <line nr="395" mi="0" ci="1" mb="0" cb="0" />
      <line nr="396" mi="0" ci="1" mb="0" cb="0" />
      <line nr="397" mi="0" ci="1" mb="0" cb="0" />
      <line nr="398" mi="3" ci="0" mb="0" cb="0" />
      <line nr="399" mi="0" ci="2" mb="0" cb="0" />
      <line nr="474" mi="0" ci="2" mb="0" cb="0" />
      <line nr="477" mi="0" ci="1" mb="0" cb="0" />
      <line nr="478" mi="0" ci="1" mb="0" cb="0" />
      <line nr="479" mi="0" ci="1" mb="0" cb="0" />
      <line nr="480" mi="0" ci="2" mb="0" cb="0" />
      <line nr="481" mi="0" ci="2" mb="0" cb="0" />
      <line nr="541" mi="0" ci="1" mb="0" cb="0" />
      <line nr="543" mi="0" ci="2" mb="0" cb="0" />
      <line nr="632" mi="0" ci="2" mb="0" cb="0" />
      <line nr="634" mi="0" ci="1" mb="0" cb="0" />
      <line nr="635" mi="0" ci="2" mb="0" cb="0" />
      <line nr="637" mi="0" ci="1" mb="0" cb="0" />
      <line nr="639" mi="0" ci="2" mb="0" cb="0" />
      <line nr="640" mi="0" ci="1" mb="0" cb="0" />
      <line nr="642" mi="0" ci="1" mb="0" cb="0" />
      <line nr="643" mi="0" ci="2" mb="0" cb="0" />
      <line nr="644" mi="1" ci="2" mb="0" cb="0" />
      <line nr="645" mi="0" ci="1" mb="0" cb="0" />
      <line nr="647" mi="0" ci="1" mb="0" cb="0" />
      <line nr="648" mi="0" ci="1" mb="0" cb="0" />
      <line nr="649" mi="0" ci="1" mb="0" cb="0" />
      <line nr="650" mi="0" ci="1" mb="0" cb="0" />
      <line nr="653" mi="0" ci="1" mb="0" cb="0" />
      <line nr="655" mi="0" ci="1" mb="0" cb="0" />
      <line nr="658" mi="0" ci="1" mb="0" cb="0" />
      <line nr="659" mi="0" ci="1" mb="0" cb="0" />
      <line nr="660" mi="0" ci="1" mb="0" cb="0" />
      <line nr="661" mi="0" ci="1" mb="0" cb="0" />
      <line nr="662" mi="0" ci="2" mb="0" cb="0" />
      <line nr="664" mi="0" ci="2" mb="0" cb="0" />
      <line nr="666" mi="0" ci="1" mb="0" cb="0" />
      <line nr="669" mi="0" ci="1" mb="0" cb="0" />
      <line nr="672" mi="0" ci="1" mb="0" cb="0" />
      <line nr="673" mi="0" ci="1" mb="0" cb="0" />
      <line nr="771" mi="0" ci="1" mb="0" cb="0" />
      <line nr="795" mi="0" ci="1" mb="0" cb="0" />
      <line nr="798" mi="0" ci="1" mb="0" cb="0" />
      <line nr="799" mi="0" ci="1" mb="0" cb="0" />
      <line nr="800" mi="0" ci="1" mb="0" cb="0" />
      <line nr="803" mi="0" ci="1" mb="0" cb="0" />
      <line nr="804" mi="0" ci="1" mb="0" cb="0" />
      <line nr="805" mi="1" ci="0" mb="0" cb="0" />
      <line nr="806" mi="2" ci="0" mb="0" cb="0" />
      <line nr="808" mi="0" ci="1" mb="0" cb="0" />
      <line nr="809" mi="0" ci="1" mb="0" cb="0" />
      <line nr="810" mi="0" ci="1" mb="0" cb="0" />
      <line nr="812" mi="0" ci="1" mb="0" cb="0" />
      <line nr="813" mi="1" ci="0" mb="0" cb="0" />
      <line nr="814" mi="1" ci="0" mb="0" cb="0" />
      <line nr="816" mi="0" ci="1" mb="0" cb="0" />
      <line nr="817" mi="1" ci="0" mb="0" cb="0" />
      <line nr="818" mi="1" ci="0" mb="0" cb="0" />
      <line nr="820" mi="0" ci="1" mb="0" cb="0" />
      <line nr="821" mi="0" ci="1" mb="0" cb="0" />
      <line nr="822" mi="0" ci="1" mb="0" cb="0" />
      <line nr="825" mi="0" ci="1" mb="0" cb="0" />
      <line nr="826" mi="0" ci="1" mb="0" cb="0" />
      <line nr="828" mi="0" ci="1" mb="0" cb="0" />
      <line nr="829" mi="1" ci="0" mb="0" cb="0" />
      <line nr="830" mi="1" ci="0" mb="0" cb="0" />
      <line nr="833" mi="0" ci="1" mb="0" cb="0" />
      <line nr="834" mi="0" ci="1" mb="0" cb="0" />
      <line nr="836" mi="0" ci="1" mb="0" cb="0" />
      <line nr="837" mi="0" ci="1" mb="0" cb="0" />
      <line nr="838" mi="0" ci="2" mb="0" cb="0" />
      <line nr="904" mi="0" ci="1" mb="0" cb="0" />
      <line nr="905" mi="2" ci="0" mb="0" cb="0" />
      <line nr="906" mi="1" ci="0" mb="0" cb="0" />
      <line nr="908" mi="1" ci="0" mb="0" cb="0" />
      <line nr="911" mi="1" ci="0" mb="0" cb="0" />
      <line nr="912" mi="1" ci="0" mb="0" cb="0" />
      <line nr="914" mi="1" ci="0" mb="0" cb="0" />
      <line nr="915" mi="1" ci="0" mb="0" cb="0" />
      <line nr="918" mi="0" ci="1" mb="0" cb="0" />
      <line nr="920" mi="0" ci="1" mb="0" cb="0" />
      <line nr="921" mi="0" ci="1" mb="0" cb="0" />
      <line nr="922" mi="0" ci="1" mb="0" cb="0" />
      <line nr="923" mi="0" ci="1" mb="0" cb="0" />
      <line nr="924" mi="0" ci="2" mb="0" cb="0" />
      <line nr="927" mi="0" ci="2" mb="0" cb="0" />
      <counter type="INSTRUCTION" missed="56" covered="173" />
      <counter type="LINE" missed="39" covered="136" />
      <counter type="METHOD" missed="1" covered="11" />
      <counter type="CLASS" missed="1" covered="0" />
    </sourcefile>
    <counter type="INSTRUCTION" missed="56" covered="173" />
    <counter type="LINE" missed="39" covered="136" />
    <counter type="METHOD" missed="1" covered="11" />
    <counter type="CLASS" missed="1" covered="0" />
  </package>
  <counter type="INSTRUCTION" missed="56" covered="173" />
  <counter type="LINE" missed="39" covered="136" />
  <counter type="METHOD" missed="1" covered="11" />
  <counter type="CLASS" missed="1" covered="0" />
</report>
