<?xml version="1.0" encoding="UTF-8" standalone="no"?>
<!DOCTYPE report PUBLIC "-//JACOCO//DTD Report 1.1//EN" "report.dtd"[]>
<report name="Pester (09/06/2024 10:02:29)">
  <sessioninfo id="this" start="1725616940992" dump="1725616949214" />
  <package name="PassPushPosh">
    <class name="PassPushPosh/PassPushPosh" sourcefilename="PassPushPosh.psm1">
      <method name="PasswordPush" desc="()" line="31">
        <counter type="INSTRUCTION" missed="17" covered="32" />
        <counter type="LINE" missed="12" covered="23" />
        <counter type="METHOD" missed="1" covered="0" />
      </method>
      <method name="&lt;script&gt;" desc="()" line="87">
        <counter type="INSTRUCTION" missed="5" covered="13" />
        <counter type="LINE" missed="4" covered="12" />
        <counter type="METHOD" missed="0" covered="1" />
      </method>
      <method name="ConvertTo-PasswordPush" desc="()" line="196">
        <counter type="INSTRUCTION" missed="5" covered="6" />
        <counter type="LINE" missed="3" covered="3" />
        <counter type="METHOD" missed="0" covered="1" />
      </method>
      <method name="Format-PasswordPusherSecret" desc="()" line="222">
        <counter type="INSTRUCTION" missed="2" covered="5" />
        <counter type="LINE" missed="2" covered="5" />
        <counter type="METHOD" missed="0" covered="1" />
      </method>
      <method name="Invoke-PasswordPusherAPI" desc="()" line="250">
        <counter type="INSTRUCTION" missed="3" covered="30" />
        <counter type="LINE" missed="2" covered="23" />
        <counter type="METHOD" missed="0" covered="1" />
      </method>
      <method name="Get-Dashboard" desc="()" line="340">
        <counter type="INSTRUCTION" missed="0" covered="8" />
        <counter type="LINE" missed="0" covered="3" />
        <counter type="METHOD" missed="0" covered="1" />
      </method>
      <method name="Get-Push" desc="()" line="401">
        <counter type="INSTRUCTION" missed="4" covered="8" />
        <counter type="LINE" missed="1" covered="6" />
        <counter type="METHOD" missed="0" covered="1" />
      </method>
      <method name="Get-PushAuditLog" desc="()" line="483">
        <counter type="INSTRUCTION" missed="0" covered="9" />
        <counter type="LINE" missed="0" covered="6" />
        <counter type="METHOD" missed="0" covered="1" />
      </method>
      <method name="Get-SecretLink" desc="()" line="550">
        <counter type="INSTRUCTION" missed="0" covered="3" />
        <counter type="LINE" missed="0" covered="2" />
        <counter type="METHOD" missed="0" covered="1" />
      </method>
      <method name="Initialize-PassPushPosh" desc="()" line="641">
        <counter type="INSTRUCTION" missed="1" covered="35" />
        <counter type="LINE" missed="0" covered="26" />
        <counter type="METHOD" missed="0" covered="1" />
      </method>
      <method name="New-Push" desc="()" line="780">
        <counter type="INSTRUCTION" missed="9" covered="24" />
        <counter type="LINE" missed="8" covered="23" />
        <counter type="METHOD" missed="0" covered="1" />
      </method>
      <method name="Remove-Push" desc="()" line="913">
        <counter type="INSTRUCTION" missed="8" covered="10" />
        <counter type="LINE" missed="7" covered="8" />
        <counter type="METHOD" missed="0" covered="1" />
      </method>
      <counter type="INSTRUCTION" missed="54" covered="183" />
      <counter type="LINE" missed="39" covered="140" />
      <counter type="METHOD" missed="1" covered="11" />
      <counter type="CLASS" missed="1" covered="0" />
    </class>
    <sourcefile name="PassPushPosh.psm1">
      <line nr="31" mi="1" ci="0" mb="0" cb="0" />
      <line nr="37" mi="0" ci="1" mb="0" cb="0" />
      <line nr="38" mi="0" ci="1" mb="0" cb="0" />
      <line nr="40" mi="0" ci="2" mb="0" cb="0" />
      <line nr="41" mi="0" ci="1" mb="0" cb="0" />
      <line nr="42" mi="0" ci="1" mb="0" cb="0" />
      <line nr="43" mi="0" ci="1" mb="0" cb="0" />
      <line nr="44" mi="0" ci="1" mb="0" cb="0" />
      <line nr="45" mi="0" ci="1" mb="0" cb="0" />
      <line nr="46" mi="0" ci="1" mb="0" cb="0" />
      <line nr="47" mi="0" ci="1" mb="0" cb="0" />
      <line nr="48" mi="0" ci="1" mb="0" cb="0" />
      <line nr="49" mi="0" ci="1" mb="0" cb="0" />
      <line nr="50" mi="0" ci="1" mb="0" cb="0" />
      <line nr="51" mi="0" ci="1" mb="0" cb="0" />
      <line nr="52" mi="0" ci="3" mb="0" cb="0" />
      <line nr="53" mi="0" ci="1" mb="0" cb="0" />
      <line nr="56" mi="0" ci="2" mb="0" cb="0" />
      <line nr="57" mi="0" ci="1" mb="0" cb="0" />
      <line nr="59" mi="1" ci="0" mb="0" cb="0" />
      <line nr="60" mi="2" ci="0" mb="0" cb="0" />
      <line nr="62" mi="0" ci="1" mb="0" cb="0" />
      <line nr="63" mi="0" ci="2" mb="0" cb="0" />
      <line nr="64" mi="0" ci="3" mb="0" cb="0" />
      <line nr="65" mi="1" ci="0" mb="0" cb="0" />
      <line nr="66" mi="1" ci="0" mb="0" cb="0" />
      <line nr="68" mi="2" ci="2" mb="0" cb="0" />
      <line nr="69" mi="1" ci="0" mb="0" cb="0" />
      <line nr="70" mi="1" ci="0" mb="0" cb="0" />
      <line nr="72" mi="0" ci="2" mb="0" cb="0" />
      <line nr="73" mi="3" ci="0" mb="0" cb="0" />
      <line nr="74" mi="1" ci="0" mb="0" cb="0" />
      <line nr="75" mi="1" ci="0" mb="0" cb="0" />
      <line nr="77" mi="1" ci="0" mb="0" cb="0" />
      <line nr="78" mi="1" ci="0" mb="0" cb="0" />
      <line nr="87" mi="0" ci="1" mb="0" cb="0" />
      <line nr="88" mi="0" ci="1" mb="0" cb="0" />
      <line nr="91" mi="0" ci="1" mb="0" cb="0" />
      <line nr="96" mi="0" ci="1" mb="0" cb="0" />
      <line nr="97" mi="0" ci="1" mb="0" cb="0" />
      <line nr="98" mi="0" ci="1" mb="0" cb="0" />
      <line nr="99" mi="1" ci="0" mb="0" cb="0" />
      <line nr="100" mi="2" ci="0" mb="0" cb="0" />
      <line nr="101" mi="1" ci="0" mb="0" cb="0" />
      <line nr="104" mi="1" ci="0" mb="0" cb="0" />
      <line nr="113" mi="0" ci="1" mb="0" cb="0" />
      <line nr="114" mi="0" ci="1" mb="0" cb="0" />
      <line nr="117" mi="0" ci="2" mb="0" cb="0" />
      <line nr="118" mi="0" ci="1" mb="0" cb="0" />
      <line nr="119" mi="0" ci="1" mb="0" cb="0" />
      <line nr="121" mi="0" ci="1" mb="0" cb="0" />
      <line nr="196" mi="2" ci="2" mb="0" cb="0" />
      <line nr="197" mi="0" ci="1" mb="0" cb="0" />
      <line nr="198" mi="0" ci="3" mb="0" cb="0" />
      <line nr="202" mi="1" ci="0" mb="0" cb="0" />
      <line nr="203" mi="1" ci="0" mb="0" cb="0" />
      <line nr="204" mi="1" ci="0" mb="0" cb="0" />
      <line nr="222" mi="0" ci="1" mb="0" cb="0" />
      <line nr="223" mi="1" ci="0" mb="0" cb="0" />
      <line nr="226" mi="0" ci="1" mb="0" cb="0" />
      <line nr="227" mi="0" ci="1" mb="0" cb="0" />
      <line nr="228" mi="0" ci="1" mb="0" cb="0" />
      <line nr="229" mi="0" ci="1" mb="0" cb="0" />
      <line nr="232" mi="1" ci="0" mb="0" cb="0" />
      <line nr="250" mi="0" ci="1" mb="0" cb="0" />
      <line nr="251" mi="0" ci="1" mb="0" cb="0" />
      <line nr="253" mi="0" ci="1" mb="0" cb="0" />
      <line nr="254" mi="0" ci="1" mb="0" cb="0" />
      <line nr="255" mi="0" ci="1" mb="0" cb="0" />
      <line nr="256" mi="0" ci="3" mb="0" cb="0" />
      <line nr="257" mi="0" ci="1" mb="0" cb="0" />
      <line nr="258" mi="0" ci="1" mb="0" cb="0" />
      <line nr="260" mi="0" ci="1" mb="0" cb="0" />
      <line nr="261" mi="0" ci="1" mb="0" cb="0" />
      <line nr="262" mi="0" ci="2" mb="0" cb="0" />
      <line nr="264" mi="0" ci="1" mb="0" cb="0" />
      <line nr="265" mi="0" ci="1" mb="0" cb="0" />
      <line nr="268" mi="0" ci="1" mb="0" cb="0" />
      <line nr="270" mi="0" ci="1" mb="0" cb="0" />
      <line nr="271" mi="0" ci="1" mb="0" cb="0" />
      <line nr="272" mi="0" ci="3" mb="0" cb="0" />
      <line nr="275" mi="0" ci="1" mb="0" cb="0" />
      <line nr="276" mi="0" ci="2" mb="0" cb="0" />
      <line nr="277" mi="0" ci="1" mb="0" cb="0" />
      <line nr="279" mi="0" ci="2" mb="0" cb="0" />
      <line nr="280" mi="0" ci="1" mb="0" cb="0" />
      <line nr="281" mi="0" ci="1" mb="0" cb="0" />
      <line nr="284" mi="2" ci="0" mb="0" cb="0" />
      <line nr="288" mi="1" ci="0" mb="0" cb="0" />
      <line nr="340" mi="0" ci="2" mb="0" cb="0" />
      <line nr="341" mi="0" ci="4" mb="0" cb="0" />
      <line nr="342" mi="0" ci="2" mb="0" cb="0" />
      <line nr="401" mi="0" ci="1" mb="0" cb="0" />
      <line nr="403" mi="1" ci="2" mb="0" cb="0" />
      <line nr="404" mi="0" ci="1" mb="0" cb="0" />
      <line nr="405" mi="0" ci="1" mb="0" cb="0" />
      <line nr="406" mi="0" ci="1" mb="0" cb="0" />
      <line nr="407" mi="3" ci="0" mb="0" cb="0" />
      <line nr="408" mi="0" ci="2" mb="0" cb="0" />
      <line nr="483" mi="0" ci="2" mb="0" cb="0" />
      <line nr="486" mi="0" ci="1" mb="0" cb="0" />
      <line nr="487" mi="0" ci="1" mb="0" cb="0" />
      <line nr="488" mi="0" ci="1" mb="0" cb="0" />
      <line nr="489" mi="0" ci="2" mb="0" cb="0" />
      <line nr="490" mi="0" ci="2" mb="0" cb="0" />
      <line nr="550" mi="0" ci="1" mb="0" cb="0" />
      <line nr="552" mi="0" ci="2" mb="0" cb="0" />
      <line nr="641" mi="0" ci="2" mb="0" cb="0" />
      <line nr="643" mi="0" ci="1" mb="0" cb="0" />
      <line nr="644" mi="0" ci="4" mb="0" cb="0" />
      <line nr="646" mi="0" ci="1" mb="0" cb="0" />
      <line nr="648" mi="0" ci="2" mb="0" cb="0" />
      <line nr="649" mi="0" ci="1" mb="0" cb="0" />
      <line nr="651" mi="0" ci="1" mb="0" cb="0" />
      <line nr="652" mi="0" ci="2" mb="0" cb="0" />
      <line nr="653" mi="1" ci="2" mb="0" cb="0" />
      <line nr="654" mi="0" ci="1" mb="0" cb="0" />
      <line nr="656" mi="0" ci="1" mb="0" cb="0" />
      <line nr="657" mi="0" ci="1" mb="0" cb="0" />
      <line nr="658" mi="0" ci="1" mb="0" cb="0" />
      <line nr="659" mi="0" ci="1" mb="0" cb="0" />
      <line nr="662" mi="0" ci="1" mb="0" cb="0" />
      <line nr="664" mi="0" ci="1" mb="0" cb="0" />
      <line nr="667" mi="0" ci="1" mb="0" cb="0" />
      <line nr="668" mi="0" ci="1" mb="0" cb="0" />
      <line nr="669" mi="0" ci="1" mb="0" cb="0" />
      <line nr="670" mi="0" ci="1" mb="0" cb="0" />
      <line nr="671" mi="0" ci="2" mb="0" cb="0" />
      <line nr="673" mi="0" ci="2" mb="0" cb="0" />
      <line nr="675" mi="0" ci="1" mb="0" cb="0" />
      <line nr="678" mi="0" ci="1" mb="0" cb="0" />
      <line nr="681" mi="0" ci="1" mb="0" cb="0" />
      <line nr="682" mi="0" ci="1" mb="0" cb="0" />
      <line nr="780" mi="0" ci="1" mb="0" cb="0" />
      <line nr="804" mi="0" ci="1" mb="0" cb="0" />
      <line nr="807" mi="0" ci="1" mb="0" cb="0" />
      <line nr="808" mi="0" ci="1" mb="0" cb="0" />
      <line nr="809" mi="0" ci="1" mb="0" cb="0" />
      <line nr="812" mi="0" ci="1" mb="0" cb="0" />
      <line nr="813" mi="0" ci="1" mb="0" cb="0" />
      <line nr="814" mi="1" ci="0" mb="0" cb="0" />
      <line nr="815" mi="2" ci="0" mb="0" cb="0" />
      <line nr="817" mi="0" ci="1" mb="0" cb="0" />
      <line nr="818" mi="0" ci="1" mb="0" cb="0" />
      <line nr="819" mi="0" ci="1" mb="0" cb="0" />
      <line nr="821" mi="0" ci="1" mb="0" cb="0" />
      <line nr="822" mi="1" ci="0" mb="0" cb="0" />
      <line nr="823" mi="1" ci="0" mb="0" cb="0" />
      <line nr="825" mi="0" ci="1" mb="0" cb="0" />
      <line nr="826" mi="1" ci="0" mb="0" cb="0" />
      <line nr="827" mi="1" ci="0" mb="0" cb="0" />
      <line nr="829" mi="0" ci="1" mb="0" cb="0" />
      <line nr="830" mi="0" ci="1" mb="0" cb="0" />
      <line nr="831" mi="0" ci="1" mb="0" cb="0" />
      <line nr="834" mi="0" ci="1" mb="0" cb="0" />
      <line nr="835" mi="0" ci="1" mb="0" cb="0" />
      <line nr="837" mi="0" ci="1" mb="0" cb="0" />
      <line nr="838" mi="1" ci="0" mb="0" cb="0" />
      <line nr="839" mi="1" ci="0" mb="0" cb="0" />
      <line nr="842" mi="0" ci="1" mb="0" cb="0" />
      <line nr="843" mi="0" ci="1" mb="0" cb="0" />
      <line nr="845" mi="0" ci="1" mb="0" cb="0" />
      <line nr="846" mi="0" ci="1" mb="0" cb="0" />
      <line nr="847" mi="0" ci="2" mb="0" cb="0" />
      <line nr="913" mi="0" ci="1" mb="0" cb="0" />
      <line nr="914" mi="2" ci="0" mb="0" cb="0" />
      <line nr="915" mi="1" ci="0" mb="0" cb="0" />
      <line nr="917" mi="1" ci="0" mb="0" cb="0" />
      <line nr="920" mi="1" ci="0" mb="0" cb="0" />
      <line nr="921" mi="1" ci="0" mb="0" cb="0" />
      <line nr="923" mi="1" ci="0" mb="0" cb="0" />
      <line nr="924" mi="1" ci="0" mb="0" cb="0" />
      <line nr="927" mi="0" ci="1" mb="0" cb="0" />
      <line nr="929" mi="0" ci="1" mb="0" cb="0" />
      <line nr="930" mi="0" ci="1" mb="0" cb="0" />
      <line nr="931" mi="0" ci="1" mb="0" cb="0" />
      <line nr="932" mi="0" ci="1" mb="0" cb="0" />
      <line nr="933" mi="0" ci="2" mb="0" cb="0" />
      <line nr="936" mi="0" ci="2" mb="0" cb="0" />
      <counter type="INSTRUCTION" missed="54" covered="183" />
      <counter type="LINE" missed="39" covered="140" />
      <counter type="METHOD" missed="1" covered="11" />
      <counter type="CLASS" missed="1" covered="0" />
    </sourcefile>
    <counter type="INSTRUCTION" missed="54" covered="183" />
    <counter type="LINE" missed="39" covered="140" />
    <counter type="METHOD" missed="1" covered="11" />
    <counter type="CLASS" missed="1" covered="0" />
  </package>
  <counter type="INSTRUCTION" missed="54" covered="183" />
  <counter type="LINE" missed="39" covered="140" />
  <counter type="METHOD" missed="1" covered="11" />
  <counter type="CLASS" missed="1" covered="0" />
</report>
